<?xml version="1.0" encoding="UTF-8"?>
<testsuites name="Negative_Login" time="39.135" tests="1" failures="0" errors="0">
   <testsuite name="Negative_Login" tests="1" failures="0" errors="0" time="39.135" skipped="0" timestamp="2023-12-15 09:53:07" hostname="muhra - MRasyid" id="Test Suites/Negative_Login">
      <properties>
         <property name="deviceName" value=""/>
         <property name="devicePlatform" value=""/>
         <property name="logFolder" value="C:\\Users\\muhra\\git\\TugasMomobil\\Reports\\20231215_095303\\Negative_Login\\20231215_095304"/>
         <property name="logFiles" value="C:\\Users\\muhra\\git\\TugasMomobil\\Reports\\20231215_095303\\Negative_Login\\20231215_095304\\execution0.log"/>
         <property name="attachments" value="C:\\Users\\muhra\\git\\TugasMomobil\\Reports\\20231215_095303\\Negative_Login\\20231215_095304\\1702608805126.png, C:\\Users\\muhra\\git\\TugasMomobil\\Reports\\20231215_095303\\Negative_Login\\20231215_095304\\1702608807011.png, C:\\Users\\muhra\\git\\TugasMomobil\\Reports\\20231215_095303\\Negative_Login\\20231215_095304\\1702608809125.png, C:\\Users\\muhra\\git\\TugasMomobil\\Reports\\20231215_095303\\Negative_Login\\20231215_095304\\1702608811034.png"/>
         <property name="hostName" value="muhra - MRasyid"/>
         <property name="os" value="Windows 10 64bit"/>
         <property name="katalonVersion" value="8.4.0.208"/>
         <property name="browser" value="Firefox 120.0"/>
         <property name="hostAddress" value="10.134.194.105"/>
         <property name="sessionId" value="7e8d3b1b-c9fa-4b4a-a4a1-a80ac21af4f6"/>
         <property name="seleniumVersion" value="3.141.59"/>
         <property name="proxyInformation" value="ProxyInformation { proxyOption=NO_PROXY, proxyServerType=HTTP, username=, password=********, proxyServerAddress=, proxyServerPort=0, executionList=&quot;&quot;, isApplyToDesiredCapabilities=true }"/>
         <property name="platform" value="Windows 10"/>
      </properties>
      <testcase name="Test Cases/Login_Logout_Registrasi/Negative_Login" time="38.817" classname="Test Cases/Login_Logout_Registrasi/Negative_Login" status="PASSED">
         <system-out><![CDATA[2023-12-15 09:53:07 - [TEST_CASE][PASSED] - Test Cases/Login_Logout_Registrasi/Negative_Login: Test Cases/Login_Logout_Registrasi/Negative_Login

2023-12-15 09:53:08 - [TEST_STEP][PASSED] - openBrowser("https://uat.momobil.id/"): Browser is opened with url: 'https://uat.momobil.id/'

2023-12-15 09:53:08 - [MESSAGE][INFO] - Starting 'Firefox' driver

2023-12-15 09:53:08 - [MESSAGE][INFO] - Action delay is set to 0 milliseconds

2023-12-15 09:53:24 - [MESSAGE][PASSED] - Browser is opened with url: 'https://uat.momobil.id/'

2023-12-15 09:53:24 - [TEST_STEP][PASSED] - maximizeWindow(): Current window maximized

2023-12-15 09:53:24 - [MESSAGE][PASSED] - Current window maximized

2023-12-15 09:53:24 - [TEST_STEP][PASSED] - takeScreenshot(): Taking screenshot successfully

2023-12-15 09:53:25 - [MESSAGE][PASSED] - Taking screenshot successfully
[[ATTACHMENT|C:\\Users\\muhra\\git\\TugasMomobil\\Reports\\20231215_095303\\Negative_Login\\20231215_095304\\1702608805126.png]]

2023-12-15 09:53:25 - [TEST_STEP][PASSED] - click(findTestObject("Home_Page/Button_MasukDaftar")): Object: 'Object Repository/Home_Page/Button_MasukDaftar' is clicked on

2023-12-15 09:53:26 - [MESSAGE][PASSED] - Object: 'Object Repository/Home_Page/Button_MasukDaftar' is clicked on

2023-12-15 09:53:26 - [TEST_STEP][PASSED] - verifyTextPresent("masuk ke akun anda", false): Text 'masuk ke akun anda' is present on page 

2023-12-15 09:53:26 - [MESSAGE][PASSED] - Text 'masuk ke akun anda' is present on page 

2023-12-15 09:53:26 - [TEST_STEP][PASSED] - takeScreenshot(): Taking screenshot successfully

2023-12-15 09:53:27 - [MESSAGE][PASSED] - Taking screenshot successfully
[[ATTACHMENT|C:\\Users\\muhra\\git\\TugasMomobil\\Reports\\20231215_095303\\Negative_Login\\20231215_095304\\1702608807011.png]]

2023-12-15 09:53:27 - [TEST_STEP][PASSED] - verifyElementNotClickable(findTestObject("Login_Page/button_Masuk")): Object 'Object Repository/Login_Page/button_Masuk' is NOT clickable

2023-12-15 09:53:27 - [MESSAGE][PASSED] - Object 'Object Repository/Login_Page/button_Masuk' is NOT clickable

2023-12-15 09:53:27 - [TEST_STEP][PASSED] - setText(findTestObject("Login_Page/textarea_EmailOrPhone"), User): Text 'bonysinurat21@gmail.com
' is set on object 'Object Repository/Login_Page/textarea_EmailOrPhone'

2023-12-15 09:53:28 - [MESSAGE][PASSED] - Text 'bonysinurat21@gmail.com
' is set on object 'Object Repository/Login_Page/textarea_EmailOrPhone'

2023-12-15 09:53:28 - [TEST_STEP][PASSED] - verifyElementNotClickable(findTestObject("Login_Page/button_Masuk")): Object 'Object Repository/Login_Page/button_Masuk' is NOT clickable

2023-12-15 09:53:28 - [MESSAGE][PASSED] - Object 'Object Repository/Login_Page/button_Masuk' is NOT clickable

2023-12-15 09:53:28 - [TEST_STEP][PASSED] - takeScreenshot(): Taking screenshot successfully

2023-12-15 09:53:29 - [MESSAGE][PASSED] - Taking screenshot successfully
[[ATTACHMENT|C:\\Users\\muhra\\git\\TugasMomobil\\Reports\\20231215_095303\\Negative_Login\\20231215_095304\\1702608809125.png]]

2023-12-15 09:53:29 - [TEST_STEP][PASSED] - clearText(findTestObject("Login_Page/textarea_EmailOrPhone")): Text of object 'Object Repository/Login_Page/textarea_EmailOrPhone' is cleared

2023-12-15 09:53:29 - [MESSAGE][PASSED] - Text of object 'Object Repository/Login_Page/textarea_EmailOrPhone' is cleared

2023-12-15 09:53:29 - [TEST_STEP][PASSED] - setText(findTestObject("Login_Page/textarea_Password"), Pass): Text '123456Adira' is set on object 'Object Repository/Login_Page/textarea_Password'

2023-12-15 09:53:30 - [MESSAGE][PASSED] - Text '123456Adira' is set on object 'Object Repository/Login_Page/textarea_Password'

2023-12-15 09:53:30 - [TEST_STEP][PASSED] - verifyElementNotClickable(findTestObject("Login_Page/button_Masuk")): Object 'Object Repository/Login_Page/button_Masuk' is NOT clickable

2023-12-15 09:53:30 - [MESSAGE][PASSED] - Object 'Object Repository/Login_Page/button_Masuk' is NOT clickable

2023-12-15 09:53:30 - [TEST_STEP][PASSED] - takeScreenshot(): Taking screenshot successfully

2023-12-15 09:53:31 - [MESSAGE][PASSED] - Taking screenshot successfully
[[ATTACHMENT|C:\\Users\\muhra\\git\\TugasMomobil\\Reports\\20231215_095303\\Negative_Login\\20231215_095304\\1702608811034.png]]

2023-12-15 09:53:31 - [TEST_STEP][PASSED] - setText(findTestObject("Login_Page/textarea_EmailOrPhone"), "heyo@mailinator"): Text 'heyo@mailinator' is set on object 'Object Repository/Login_Page/textarea_EmailOrPhone'

2023-12-15 09:53:31 - [MESSAGE][PASSED] - Text 'heyo@mailinator' is set on object 'Object Repository/Login_Page/textarea_EmailOrPhone'

2023-12-15 09:53:31 - [TEST_STEP][PASSED] - click(findTestObject("Login_Page/button_Masuk")): Object: 'Object Repository/Login_Page/button_Masuk' is clicked on

2023-12-15 09:53:33 - [MESSAGE][PASSED] - Object: 'Object Repository/Login_Page/button_Masuk' is clicked on

2023-12-15 09:53:33 - [TEST_STEP][PASSED] - verifyElementText(findTestObject("Login_Page/label_ErrorMessage"), "Invalid Username/Password."): Actual text and expected text of test object 'Object Repository/Login_Page/label_ErrorMessage' are matched.

2023-12-15 09:53:46 - [MESSAGE][PASSED] - Actual text and expected text of test object 'Object Repository/Login_Page/label_ErrorMessage' are matched.]]></system-out>
         <system-err><![CDATA[]]></system-err>
      </testcase>
      <system-out><![CDATA[2023-12-15 09:53:07 - [TEST_SUITE][PASSED] - Negative_Login: Test Cases/Login_Logout_Registrasi/Negative_Login]]></system-out>
      <system-err><![CDATA[]]></system-err>
   </testsuite>
</testsuites>
